2020-01-15 18:34:39,695 ----------------------------------------------------------------------------------------------------
2020-01-15 18:34:39,695 Model: "TextClassifier(
  (document_embeddings): DocumentRNNEmbeddings(
    (embeddings): StackedEmbeddings(
      (list_embedding_0): WordEmbeddings('glove')
      (list_embedding_1): FlairEmbeddings(
        (lm): LanguageModel(
          (drop): Dropout(p=0.05, inplace=False)
          (encoder): Embedding(300, 100)
          (rnn): LSTM(100, 2048)
          (decoder): Linear(in_features=2048, out_features=300, bias=True)
        )
      )
      (list_embedding_2): FlairEmbeddings(
        (lm): LanguageModel(
          (drop): Dropout(p=0.05, inplace=False)
          (encoder): Embedding(300, 100)
          (rnn): LSTM(100, 2048)
          (decoder): Linear(in_features=2048, out_features=300, bias=True)
        )
      )
      (list_embedding_3): ELMoEmbeddings(model=elmo-medium)
    )
    (word_reprojection_map): Linear(in_features=5732, out_features=256, bias=True)
    (rnn): LSTM(256, 512)
    (dropout): Dropout(p=0.5, inplace=False)
  )
  (decoder): Linear(in_features=512, out_features=5, bias=True)
  (loss_function): CrossEntropyLoss()
)"
2020-01-15 18:34:39,696 ----------------------------------------------------------------------------------------------------
2020-01-15 18:34:39,696 Corpus: "Corpus: 148 train + 19 dev + 18 test sentences"
2020-01-15 18:34:39,696 ----------------------------------------------------------------------------------------------------
2020-01-15 18:34:39,696 Parameters:
2020-01-15 18:34:39,696  - learning_rate: "0.1"
2020-01-15 18:34:39,696  - mini_batch_size: "32"
2020-01-15 18:34:39,696  - patience: "5"
2020-01-15 18:34:39,696  - anneal_factor: "0.5"
2020-01-15 18:34:39,696  - max_epochs: "20"
2020-01-15 18:34:39,696  - shuffle: "True"
2020-01-15 18:34:39,696  - train_with_dev: "False"
2020-01-15 18:34:39,696 ----------------------------------------------------------------------------------------------------
2020-01-15 18:34:39,697 Model training base path: "model"
2020-01-15 18:34:39,697 ----------------------------------------------------------------------------------------------------
2020-01-15 18:34:39,697 Device: cpu
2020-01-15 18:34:39,697 ----------------------------------------------------------------------------------------------------
2020-01-15 18:34:39,697 Embeddings storage mode: cpu
2020-01-15 18:34:39,698 ----------------------------------------------------------------------------------------------------
2020-01-15 18:34:42,103 epoch 1 - iter 0/5 - loss 1.59431159 - samples/sec: 13.30
2020-01-15 18:34:44,483 epoch 1 - iter 1/5 - loss 1.54058117 - samples/sec: 13.52
2020-01-15 18:34:46,267 epoch 1 - iter 2/5 - loss 1.51833991 - samples/sec: 18.06
2020-01-15 18:34:48,304 epoch 1 - iter 3/5 - loss 1.51838154 - samples/sec: 15.79
2020-01-15 18:34:49,980 epoch 1 - iter 4/5 - loss 1.50605545 - samples/sec: 19.23
2020-01-15 18:34:49,994 ----------------------------------------------------------------------------------------------------
2020-01-15 18:34:49,994 EPOCH 1 done: loss 1.5061 - lr 0.1000
2020-01-15 18:34:51,702 DEV : loss 1.6079225540161133 - score 0.1579
2020-01-15 18:34:51,703 BAD EPOCHS (no improvement): 0
2020-01-15 18:34:56,459 ----------------------------------------------------------------------------------------------------
2020-01-15 18:34:56,612 epoch 2 - iter 0/5 - loss 1.39174771 - samples/sec: 211.70
2020-01-15 18:34:56,767 epoch 2 - iter 1/5 - loss 1.32351309 - samples/sec: 227.72
2020-01-15 18:34:56,892 epoch 2 - iter 2/5 - loss 1.33171427 - samples/sec: 290.83
2020-01-15 18:34:57,008 epoch 2 - iter 3/5 - loss 1.34100121 - samples/sec: 301.02
2020-01-15 18:34:57,123 epoch 2 - iter 4/5 - loss 1.32687378 - samples/sec: 309.72
2020-01-15 18:34:57,137 ----------------------------------------------------------------------------------------------------
2020-01-15 18:34:57,137 EPOCH 2 done: loss 1.3269 - lr 0.1000
2020-01-15 18:34:57,170 DEV : loss 1.3248064517974854 - score 0.5789
2020-01-15 18:34:57,170 BAD EPOCHS (no improvement): 0
2020-01-15 18:35:01,604 ----------------------------------------------------------------------------------------------------
2020-01-15 18:35:01,766 epoch 3 - iter 0/5 - loss 1.24168539 - samples/sec: 198.76
2020-01-15 18:35:01,887 epoch 3 - iter 1/5 - loss 1.22607595 - samples/sec: 288.85
2020-01-15 18:35:01,997 epoch 3 - iter 2/5 - loss 1.19259405 - samples/sec: 319.01
2020-01-15 18:35:02,120 epoch 3 - iter 3/5 - loss 1.15632579 - samples/sec: 286.94
2020-01-15 18:35:02,227 epoch 3 - iter 4/5 - loss 1.16568532 - samples/sec: 339.42
2020-01-15 18:35:02,237 ----------------------------------------------------------------------------------------------------
2020-01-15 18:35:02,237 EPOCH 3 done: loss 1.1657 - lr 0.1000
2020-01-15 18:35:02,260 DEV : loss 1.190405249595642 - score 0.4737
2020-01-15 18:35:02,261 BAD EPOCHS (no improvement): 1
2020-01-15 18:35:02,261 ----------------------------------------------------------------------------------------------------
2020-01-15 18:35:02,376 epoch 4 - iter 0/5 - loss 1.04554391 - samples/sec: 280.15
2020-01-15 18:35:02,529 epoch 4 - iter 1/5 - loss 1.03610039 - samples/sec: 228.71
2020-01-15 18:35:02,637 epoch 4 - iter 2/5 - loss 1.01699338 - samples/sec: 325.08
2020-01-15 18:35:02,741 epoch 4 - iter 3/5 - loss 0.97417414 - samples/sec: 342.51
2020-01-15 18:35:02,869 epoch 4 - iter 4/5 - loss 0.92550147 - samples/sec: 274.81
2020-01-15 18:35:02,882 ----------------------------------------------------------------------------------------------------
2020-01-15 18:35:02,882 EPOCH 4 done: loss 0.9255 - lr 0.1000
2020-01-15 18:35:02,906 DEV : loss 1.2986712455749512 - score 0.4737
2020-01-15 18:35:02,907 BAD EPOCHS (no improvement): 2
2020-01-15 18:35:02,907 ----------------------------------------------------------------------------------------------------
2020-01-15 18:35:03,053 epoch 5 - iter 0/5 - loss 0.77112854 - samples/sec: 220.01
2020-01-15 18:35:03,196 epoch 5 - iter 1/5 - loss 0.82420939 - samples/sec: 241.03
2020-01-15 18:35:03,344 epoch 5 - iter 2/5 - loss 0.79605764 - samples/sec: 236.50
2020-01-15 18:35:03,481 epoch 5 - iter 3/5 - loss 0.81012633 - samples/sec: 257.65
2020-01-15 18:35:03,584 epoch 5 - iter 4/5 - loss 0.81587065 - samples/sec: 349.58
2020-01-15 18:35:03,596 ----------------------------------------------------------------------------------------------------
2020-01-15 18:35:03,596 EPOCH 5 done: loss 0.8159 - lr 0.1000
2020-01-15 18:35:03,627 DEV : loss 0.8947704434394836 - score 0.6316
2020-01-15 18:35:03,627 BAD EPOCHS (no improvement): 0
2020-01-15 18:35:07,912 ----------------------------------------------------------------------------------------------------
2020-01-15 18:35:08,032 epoch 6 - iter 0/5 - loss 0.60925740 - samples/sec: 267.84
2020-01-15 18:35:08,171 epoch 6 - iter 1/5 - loss 0.59862211 - samples/sec: 249.09
2020-01-15 18:35:08,317 epoch 6 - iter 2/5 - loss 0.58331631 - samples/sec: 237.00
2020-01-15 18:35:08,449 epoch 6 - iter 3/5 - loss 0.59774044 - samples/sec: 264.37
2020-01-15 18:35:08,554 epoch 6 - iter 4/5 - loss 0.63454642 - samples/sec: 341.70
2020-01-15 18:35:08,564 ----------------------------------------------------------------------------------------------------
2020-01-15 18:35:08,564 EPOCH 6 done: loss 0.6345 - lr 0.1000
2020-01-15 18:35:08,585 DEV : loss 0.6598691344261169 - score 0.7368
2020-01-15 18:35:08,586 BAD EPOCHS (no improvement): 0
2020-01-15 18:35:13,040 ----------------------------------------------------------------------------------------------------
2020-01-15 18:35:13,159 epoch 7 - iter 0/5 - loss 0.49828339 - samples/sec: 269.37
2020-01-15 18:35:13,303 epoch 7 - iter 1/5 - loss 0.59835252 - samples/sec: 243.15
2020-01-15 18:35:13,458 epoch 7 - iter 2/5 - loss 0.57779231 - samples/sec: 227.07
2020-01-15 18:35:13,623 epoch 7 - iter 3/5 - loss 0.55195351 - samples/sec: 207.71
2020-01-15 18:35:13,773 epoch 7 - iter 4/5 - loss 0.54706239 - samples/sec: 235.72
2020-01-15 18:35:13,787 ----------------------------------------------------------------------------------------------------
2020-01-15 18:35:13,788 EPOCH 7 done: loss 0.5471 - lr 0.1000
2020-01-15 18:35:13,819 DEV : loss 0.8409777283668518 - score 0.5789
2020-01-15 18:35:13,819 BAD EPOCHS (no improvement): 1
2020-01-15 18:35:13,819 ----------------------------------------------------------------------------------------------------
2020-01-15 18:35:13,952 epoch 8 - iter 0/5 - loss 0.31806251 - samples/sec: 241.63
2020-01-15 18:35:14,088 epoch 8 - iter 1/5 - loss 0.36702369 - samples/sec: 258.45
2020-01-15 18:35:14,286 epoch 8 - iter 2/5 - loss 0.44471750 - samples/sec: 171.68
2020-01-15 18:35:14,474 epoch 8 - iter 3/5 - loss 0.46198971 - samples/sec: 190.84
2020-01-15 18:35:14,636 epoch 8 - iter 4/5 - loss 0.44491919 - samples/sec: 222.37
2020-01-15 18:35:14,656 ----------------------------------------------------------------------------------------------------
2020-01-15 18:35:14,657 EPOCH 8 done: loss 0.4449 - lr 0.1000
2020-01-15 18:35:14,711 DEV : loss 0.40976059436798096 - score 1.0
2020-01-15 18:35:14,712 BAD EPOCHS (no improvement): 0
2020-01-15 18:35:19,509 ----------------------------------------------------------------------------------------------------
2020-01-15 18:35:19,653 epoch 9 - iter 0/5 - loss 0.43909600 - samples/sec: 222.78
2020-01-15 18:35:19,764 epoch 9 - iter 1/5 - loss 0.43897699 - samples/sec: 318.22
2020-01-15 18:35:19,894 epoch 9 - iter 2/5 - loss 0.40765106 - samples/sec: 272.10
2020-01-15 18:35:20,066 epoch 9 - iter 3/5 - loss 0.37074747 - samples/sec: 199.05
2020-01-15 18:35:20,187 epoch 9 - iter 4/5 - loss 0.34940561 - samples/sec: 294.30
2020-01-15 18:35:20,199 ----------------------------------------------------------------------------------------------------
2020-01-15 18:35:20,199 EPOCH 9 done: loss 0.3494 - lr 0.1000
2020-01-15 18:35:20,221 DEV : loss 0.4083736538887024 - score 0.8947
2020-01-15 18:35:20,221 BAD EPOCHS (no improvement): 1
2020-01-15 18:35:20,222 ----------------------------------------------------------------------------------------------------
2020-01-15 18:35:20,324 epoch 10 - iter 0/5 - loss 0.32479736 - samples/sec: 312.99
2020-01-15 18:35:20,446 epoch 10 - iter 1/5 - loss 0.28261024 - samples/sec: 286.52
2020-01-15 18:35:20,569 epoch 10 - iter 2/5 - loss 0.29770326 - samples/sec: 287.13
2020-01-15 18:35:20,680 epoch 10 - iter 3/5 - loss 0.29704271 - samples/sec: 322.30
2020-01-15 18:35:20,787 epoch 10 - iter 4/5 - loss 0.29255618 - samples/sec: 331.29
2020-01-15 18:35:20,798 ----------------------------------------------------------------------------------------------------
2020-01-15 18:35:20,798 EPOCH 10 done: loss 0.2926 - lr 0.1000
2020-01-15 18:35:20,820 DEV : loss 0.4110523462295532 - score 0.8421
2020-01-15 18:35:20,821 BAD EPOCHS (no improvement): 2
2020-01-15 18:35:20,822 ----------------------------------------------------------------------------------------------------
2020-01-15 18:35:20,943 epoch 11 - iter 0/5 - loss 0.22672559 - samples/sec: 265.74
2020-01-15 18:35:21,063 epoch 11 - iter 1/5 - loss 0.27431940 - samples/sec: 291.70
2020-01-15 18:35:21,193 epoch 11 - iter 2/5 - loss 0.27694133 - samples/sec: 271.27
2020-01-15 18:35:21,330 epoch 11 - iter 3/5 - loss 0.29298905 - samples/sec: 253.33
2020-01-15 18:35:21,432 epoch 11 - iter 4/5 - loss 0.32812817 - samples/sec: 345.13
2020-01-15 18:35:21,443 ----------------------------------------------------------------------------------------------------
2020-01-15 18:35:21,443 EPOCH 11 done: loss 0.3281 - lr 0.1000
2020-01-15 18:35:21,473 DEV : loss 0.2716052532196045 - score 0.9474
2020-01-15 18:35:21,474 BAD EPOCHS (no improvement): 3
2020-01-15 18:35:21,474 ----------------------------------------------------------------------------------------------------
2020-01-15 18:35:21,594 epoch 12 - iter 0/5 - loss 0.56636804 - samples/sec: 266.51
2020-01-15 18:35:21,715 epoch 12 - iter 1/5 - loss 0.43761545 - samples/sec: 291.55
2020-01-15 18:35:21,865 epoch 12 - iter 2/5 - loss 0.36649267 - samples/sec: 231.35
2020-01-15 18:35:22,008 epoch 12 - iter 3/5 - loss 0.33906782 - samples/sec: 243.06
2020-01-15 18:35:22,105 epoch 12 - iter 4/5 - loss 0.30242824 - samples/sec: 371.38
2020-01-15 18:35:22,117 ----------------------------------------------------------------------------------------------------
2020-01-15 18:35:22,117 EPOCH 12 done: loss 0.3024 - lr 0.1000
2020-01-15 18:35:22,138 DEV : loss 0.34583526849746704 - score 0.7895
2020-01-15 18:35:22,139 BAD EPOCHS (no improvement): 4
2020-01-15 18:35:22,139 ----------------------------------------------------------------------------------------------------
2020-01-15 18:35:22,239 epoch 13 - iter 0/5 - loss 0.29303682 - samples/sec: 321.92
2020-01-15 18:35:22,378 epoch 13 - iter 1/5 - loss 0.25383916 - samples/sec: 251.11
2020-01-15 18:35:22,497 epoch 13 - iter 2/5 - loss 0.24623019 - samples/sec: 297.71
2020-01-15 18:35:22,624 epoch 13 - iter 3/5 - loss 0.24732744 - samples/sec: 274.38
2020-01-15 18:35:22,741 epoch 13 - iter 4/5 - loss 0.22880998 - samples/sec: 306.66
2020-01-15 18:35:22,753 ----------------------------------------------------------------------------------------------------
2020-01-15 18:35:22,753 EPOCH 13 done: loss 0.2288 - lr 0.1000
2020-01-15 18:35:22,779 DEV : loss 0.5627520084381104 - score 0.7368
2020-01-15 18:35:22,779 BAD EPOCHS (no improvement): 5
2020-01-15 18:35:22,780 ----------------------------------------------------------------------------------------------------
2020-01-15 18:35:22,897 epoch 14 - iter 0/5 - loss 0.17033041 - samples/sec: 273.48
2020-01-15 18:35:23,050 epoch 14 - iter 1/5 - loss 0.13625392 - samples/sec: 224.38
2020-01-15 18:35:23,186 epoch 14 - iter 2/5 - loss 0.15699747 - samples/sec: 259.11
2020-01-15 18:35:23,296 epoch 14 - iter 3/5 - loss 0.17764916 - samples/sec: 319.40
2020-01-15 18:35:23,422 epoch 14 - iter 4/5 - loss 0.19235151 - samples/sec: 280.32
2020-01-15 18:35:23,433 ----------------------------------------------------------------------------------------------------
2020-01-15 18:35:23,433 EPOCH 14 done: loss 0.1924 - lr 0.1000
2020-01-15 18:35:23,455 DEV : loss 0.28972572088241577 - score 0.8947
2020-01-15 18:35:23,456 BAD EPOCHS (no improvement): 6
2020-01-15 18:35:23,457 ----------------------------------------------------------------------------------------------------
2020-01-15 18:35:23,572 epoch 15 - iter 0/5 - loss 0.18903212 - samples/sec: 277.81
2020-01-15 18:35:23,678 epoch 15 - iter 1/5 - loss 0.15118278 - samples/sec: 333.78
2020-01-15 18:35:23,806 epoch 15 - iter 2/5 - loss 0.15022042 - samples/sec: 274.44
2020-01-15 18:35:23,927 epoch 15 - iter 3/5 - loss 0.15157435 - samples/sec: 294.43
2020-01-15 18:35:24,024 epoch 15 - iter 4/5 - loss 0.14748223 - samples/sec: 374.17
2020-01-15 18:35:24,036 ----------------------------------------------------------------------------------------------------
2020-01-15 18:35:24,036 EPOCH 15 done: loss 0.1475 - lr 0.0500
2020-01-15 18:35:24,058 DEV : loss 0.22407113015651703 - score 1.0
2020-01-15 18:35:24,059 BAD EPOCHS (no improvement): 1
2020-01-15 18:35:28,698 ----------------------------------------------------------------------------------------------------
2020-01-15 18:35:28,832 epoch 16 - iter 0/5 - loss 0.10410067 - samples/sec: 239.81
2020-01-15 18:35:28,966 epoch 16 - iter 1/5 - loss 0.12166286 - samples/sec: 261.91
2020-01-15 18:35:29,120 epoch 16 - iter 2/5 - loss 0.10943839 - samples/sec: 224.20
2020-01-15 18:35:29,246 epoch 16 - iter 3/5 - loss 0.11706172 - samples/sec: 291.90
2020-01-15 18:35:29,349 epoch 16 - iter 4/5 - loss 0.11717803 - samples/sec: 354.77
2020-01-15 18:35:29,361 ----------------------------------------------------------------------------------------------------
2020-01-15 18:35:29,361 EPOCH 16 done: loss 0.1172 - lr 0.0500
2020-01-15 18:35:29,386 DEV : loss 0.21895380318164825 - score 1.0
2020-01-15 18:35:29,387 BAD EPOCHS (no improvement): 2
2020-01-15 18:35:34,413 ----------------------------------------------------------------------------------------------------
2020-01-15 18:35:34,537 epoch 17 - iter 0/5 - loss 0.15817024 - samples/sec: 259.32
2020-01-15 18:35:34,688 epoch 17 - iter 1/5 - loss 0.14450621 - samples/sec: 229.53
2020-01-15 18:35:34,837 epoch 17 - iter 2/5 - loss 0.12278724 - samples/sec: 231.69
2020-01-15 18:35:34,988 epoch 17 - iter 3/5 - loss 0.12248661 - samples/sec: 229.78
2020-01-15 18:35:35,161 epoch 17 - iter 4/5 - loss 0.11683594 - samples/sec: 207.76
2020-01-15 18:35:35,173 ----------------------------------------------------------------------------------------------------
2020-01-15 18:35:35,173 EPOCH 17 done: loss 0.1168 - lr 0.0500
2020-01-15 18:35:35,197 DEV : loss 0.2561396062374115 - score 0.8421
2020-01-15 18:35:35,198 BAD EPOCHS (no improvement): 3
2020-01-15 18:35:35,198 ----------------------------------------------------------------------------------------------------
2020-01-15 18:35:35,312 epoch 18 - iter 0/5 - loss 0.08998346 - samples/sec: 282.82
2020-01-15 18:35:35,436 epoch 18 - iter 1/5 - loss 0.08646453 - samples/sec: 280.41
2020-01-15 18:35:35,546 epoch 18 - iter 2/5 - loss 0.08459765 - samples/sec: 324.31
2020-01-15 18:35:35,700 epoch 18 - iter 3/5 - loss 0.09612665 - samples/sec: 224.20
2020-01-15 18:35:35,803 epoch 18 - iter 4/5 - loss 0.09589872 - samples/sec: 350.36
2020-01-15 18:35:35,814 ----------------------------------------------------------------------------------------------------
2020-01-15 18:35:35,814 EPOCH 18 done: loss 0.0959 - lr 0.0500
2020-01-15 18:35:35,836 DEV : loss 0.2588541507720947 - score 0.8421
2020-01-15 18:35:35,837 BAD EPOCHS (no improvement): 4
2020-01-15 18:35:35,837 ----------------------------------------------------------------------------------------------------
2020-01-15 18:35:35,957 epoch 19 - iter 0/5 - loss 0.10463618 - samples/sec: 266.38
2020-01-15 18:35:36,079 epoch 19 - iter 1/5 - loss 0.08296804 - samples/sec: 288.01
2020-01-15 18:35:36,199 epoch 19 - iter 2/5 - loss 0.08340710 - samples/sec: 290.34
2020-01-15 18:35:36,319 epoch 19 - iter 3/5 - loss 0.08309803 - samples/sec: 290.24
2020-01-15 18:35:36,443 epoch 19 - iter 4/5 - loss 0.07706255 - samples/sec: 281.89
2020-01-15 18:35:36,454 ----------------------------------------------------------------------------------------------------
2020-01-15 18:35:36,454 EPOCH 19 done: loss 0.0771 - lr 0.0500
2020-01-15 18:35:36,485 DEV : loss 0.2568731904029846 - score 0.8421
2020-01-15 18:35:36,486 BAD EPOCHS (no improvement): 5
2020-01-15 18:35:36,486 ----------------------------------------------------------------------------------------------------
2020-01-15 18:35:36,609 epoch 20 - iter 0/5 - loss 0.11724354 - samples/sec: 261.11
2020-01-15 18:35:36,732 epoch 20 - iter 1/5 - loss 0.09356135 - samples/sec: 289.40
2020-01-15 18:35:36,850 epoch 20 - iter 2/5 - loss 0.08914240 - samples/sec: 295.88
2020-01-15 18:35:36,962 epoch 20 - iter 3/5 - loss 0.09053158 - samples/sec: 318.07
2020-01-15 18:35:37,069 epoch 20 - iter 4/5 - loss 0.08129712 - samples/sec: 333.64
2020-01-15 18:35:37,081 ----------------------------------------------------------------------------------------------------
2020-01-15 18:35:37,081 EPOCH 20 done: loss 0.0813 - lr 0.0500
2020-01-15 18:35:37,103 DEV : loss 0.21358622610569 - score 0.9474
2020-01-15 18:35:37,103 BAD EPOCHS (no improvement): 6
2020-01-15 18:35:41,929 ----------------------------------------------------------------------------------------------------
2020-01-15 18:35:41,929 Testing using best model ...
2020-01-15 18:35:41,929 loading file model/best-model.pt
2020-01-15 18:35:44,912 0.7778	0.7778	0.7778
2020-01-15 18:35:44,912 
MICRO_AVG: acc 0.6364 - f1-score 0.7778
MACRO_AVG: acc 0.72 - f1-score 0.8166800000000001
baseball   tp: 2 - fp: 0 - fn: 0 - tn: 16 - precision: 1.0000 - recall: 1.0000 - accuracy: 1.0000 - f1-score: 1.0000
food       tp: 2 - fp: 0 - fn: 0 - tn: 16 - precision: 1.0000 - recall: 1.0000 - accuracy: 1.0000 - f1-score: 1.0000
heart      tp: 2 - fp: 0 - fn: 2 - tn: 14 - precision: 1.0000 - recall: 0.5000 - accuracy: 0.5000 - f1-score: 0.6667
sad        tp: 2 - fp: 2 - fn: 0 - tn: 14 - precision: 0.5000 - recall: 1.0000 - accuracy: 0.5000 - f1-score: 0.6667
smile      tp: 6 - fp: 2 - fn: 2 - tn: 8 - precision: 0.7500 - recall: 0.7500 - accuracy: 0.6000 - f1-score: 0.7500
2020-01-15 18:35:44,912 ----------------------------------------------------------------------------------------------------
